<?xml version="1.0" encoding="UTF-8"?>
<testsuite name="gameLotto.NumberGeneratorTest" tests="3" skipped="0" failures="0" errors="0" timestamp="2022-07-01T09:25:47" hostname="LAPTOP-BE974Q6F" time="0.305">
  <properties/>
  <testcase name="should return the that User aimed six numbers" classname="gameLotto.NumberGeneratorTest" time="0.3"/>
  <testcase name="should return the that User aimed five numbers" classname="gameLotto.NumberGeneratorTest" time="0.001"/>
  <testcase name="should return the that User aimed two numbers" classname="gameLotto.NumberGeneratorTest" time="0.002"/>
  <system-out><![CDATA[You aimed 6
You aimed 5
You aimed 2
]]></system-out>
  <system-err><![CDATA[]]></system-err>
</testsuite>
